<?xml version="1.0" encoding="UTF-8"?>
<testsuite name="com.jojoldu.book.springboot.web.IndexControllerTest" tests="1" skipped="0" failures="0" errors="0" timestamp="2021-02-13T05:18:35" hostname="DESKTOP-TN8CHJG" time="0.611">
  <properties/>
  <testcase name="메인페이지_로딩" classname="com.jojoldu.book.springboot.web.IndexControllerTest" time="0.611"/>
  <system-out><![CDATA[2021-02-13 14:18:27.044  INFO 8276 --- [    Test worker] .b.t.c.SpringBootTestContextBootstrapper : Neither @ContextConfiguration nor @ContextHierarchy found for test class [com.jojoldu.book.springboot.web.IndexControllerTest], using SpringBootContextLoader
2021-02-13 14:18:27.048  INFO 8276 --- [    Test worker] o.s.t.c.support.AbstractContextLoader    : Could not detect default resource locations for test class [com.jojoldu.book.springboot.web.IndexControllerTest]: no resource found for suffixes {-context.xml, Context.groovy}.
2021-02-13 14:18:27.050  INFO 8276 --- [    Test worker] t.c.s.AnnotationConfigContextLoaderUtils : Could not detect default configuration classes for test class [com.jojoldu.book.springboot.web.IndexControllerTest]: IndexControllerTest does not declare any static, non-private, non-final, nested classes annotated with @Configuration.
2021-02-13 14:18:27.056  INFO 8276 --- [    Test worker] .b.t.c.SpringBootTestContextBootstrapper : Found @SpringBootConfiguration com.jojoldu.book.springboot.Application for test class com.jojoldu.book.springboot.web.IndexControllerTest
2021-02-13 14:18:27.066  INFO 8276 --- [    Test worker] .b.t.c.SpringBootTestContextBootstrapper : Loaded default TestExecutionListener class names from location [META-INF/spring.factories]: [org.springframework.security.test.context.support.WithSecurityContextTestExecutionListener, org.springframework.security.test.context.support.ReactorContextTestExecutionListener, org.springframework.boot.test.autoconfigure.restdocs.RestDocsTestExecutionListener, org.springframework.boot.test.autoconfigure.web.client.MockRestServiceServerResetTestExecutionListener, org.springframework.boot.test.autoconfigure.web.servlet.MockMvcPrintOnlyOnFailureTestExecutionListener, org.springframework.boot.test.autoconfigure.web.servlet.WebDriverTestExecutionListener, org.springframework.boot.test.mock.mockito.MockitoTestExecutionListener, org.springframework.boot.test.mock.mockito.ResetMocksTestExecutionListener, org.springframework.test.context.web.ServletTestExecutionListener, org.springframework.test.context.support.DirtiesContextBeforeModesTestExecutionListener, org.springframework.test.context.support.DependencyInjectionTestExecutionListener, org.springframework.test.context.support.DirtiesContextTestExecutionListener, org.springframework.test.context.transaction.TransactionalTestExecutionListener, org.springframework.test.context.jdbc.SqlScriptsTestExecutionListener]
2021-02-13 14:18:27.070  INFO 8276 --- [    Test worker] .b.t.c.SpringBootTestContextBootstrapper : Using TestExecutionListeners: [org.springframework.test.context.web.ServletTestExecutionListener@318098ae, org.springframework.test.context.support.DirtiesContextBeforeModesTestExecutionListener@6dcea56b, org.springframework.boot.test.mock.mockito.MockitoTestExecutionListener@69864a29, org.springframework.boot.test.autoconfigure.SpringBootDependencyInjectionTestExecutionListener@7939c20c, org.springframework.test.context.support.DirtiesContextTestExecutionListener@4c49706d, org.springframework.test.context.transaction.TransactionalTestExecutionListener@54347172, org.springframework.test.context.jdbc.SqlScriptsTestExecutionListener@fb8aedf, org.springframework.security.test.context.support.WithSecurityContextTestExecutionListener@38a62486, org.springframework.security.test.context.support.ReactorContextTestExecutionListener@3febf1e7, org.springframework.boot.test.autoconfigure.restdocs.RestDocsTestExecutionListener@48a3b889, org.springframework.boot.test.autoconfigure.web.client.MockRestServiceServerResetTestExecutionListener@2a72914, org.springframework.boot.test.autoconfigure.web.servlet.MockMvcPrintOnlyOnFailureTestExecutionListener@b2cafd2, org.springframework.boot.test.autoconfigure.web.servlet.WebDriverTestExecutionListener@6ba81399, org.springframework.boot.test.mock.mockito.ResetMocksTestExecutionListener@3e9a8995]

  .   ____          _            __ _ _
 /\\ / ___'_ __ _ _(_)_ __  __ _ \ \ \ \
( ( )\___ | '_ | '_| | '_ \/ _` | \ \ \ \
 \\/  ___)| |_)| | | | | || (_| |  ) ) ) )
  '  |____| .__|_| |_|_| |_\__, | / / / /
 =========|_|==============|___/=/_/_/_/
 :: Spring Boot ::        (v2.1.7.RELEASE)

2021-02-13 14:18:27.216  INFO 8276 --- [    Test worker] c.j.b.s.web.IndexControllerTest          : Starting IndexControllerTest on DESKTOP-TN8CHJG with PID 8276 (started by user in C:\Users\user\Downloads\spring-petclinic-master\freelec-springboot2-webservice)
2021-02-13 14:18:27.218  INFO 8276 --- [    Test worker] c.j.b.s.web.IndexControllerTest          : No active profile set, falling back to default profiles: default
2021-02-13 14:18:28.046  INFO 8276 --- [    Test worker] .s.d.r.c.RepositoryConfigurationDelegate : Bootstrapping Spring Data repositories in DEFAULT mode.
2021-02-13 14:18:28.127  INFO 8276 --- [    Test worker] .s.d.r.c.RepositoryConfigurationDelegate : Finished Spring Data repository scanning in 81ms. Found 2 repository interfaces.
2021-02-13 14:18:28.442  INFO 8276 --- [    Test worker] trationDelegate$BeanPostProcessorChecker : Bean 'org.springframework.transaction.annotation.ProxyTransactionManagementConfiguration' of type [org.springframework.transaction.annotation.ProxyTransactionManagementConfiguration$$EnhancerBySpringCGLIB$$dfb3a646] is not eligible for getting processed by all BeanPostProcessors (for example: not eligible for auto-proxying)
2021-02-13 14:18:29.343  INFO 8276 --- [    Test worker] o.s.b.w.embedded.tomcat.TomcatWebServer  : Tomcat initialized with port(s): 0 (http)
2021-02-13 14:18:29.465  INFO 8276 --- [    Test worker] o.apache.catalina.core.StandardService   : Starting service [Tomcat]
2021-02-13 14:18:29.467  INFO 8276 --- [    Test worker] org.apache.catalina.core.StandardEngine  : Starting Servlet engine: [Apache Tomcat/9.0.22]
2021-02-13 14:18:30.016  INFO 8276 --- [    Test worker] o.a.c.c.C.[Tomcat].[localhost].[/]       : Initializing Spring embedded WebApplicationContext
2021-02-13 14:18:30.016  INFO 8276 --- [    Test worker] o.s.web.context.ContextLoader            : Root WebApplicationContext: initialization completed in 2788 ms
2021-02-13 14:18:30.615  INFO 8276 --- [    Test worker] com.zaxxer.hikari.HikariDataSource       : HikariPool-2 - Starting...
2021-02-13 14:18:30.618  INFO 8276 --- [    Test worker] com.zaxxer.hikari.HikariDataSource       : HikariPool-2 - Start completed.
2021-02-13 14:18:30.734  INFO 8276 --- [    Test worker] o.hibernate.jpa.internal.util.LogHelper  : HHH000204: Processing PersistenceUnitInfo [
	name: default
	...]
2021-02-13 14:18:30.815  INFO 8276 --- [    Test worker] org.hibernate.dialect.Dialect            : HHH000400: Using dialect: org.hibernate.dialect.MySQL5InnoDBDialect
Hibernate: drop table if exists posts
Hibernate: drop table if exists user
Hibernate: create table posts (id bigint not null auto_increment, created_date datetime, modified_date datetime, author varchar(255), content TEXT not null, title varchar(500) not null, primary key (id)) engine=InnoDB
Hibernate: create table user (id bigint not null auto_increment, created_date datetime, modified_date datetime, email varchar(255) not null, name varchar(255) not null, picture varchar(255), role varchar(255) not null, primary key (id)) engine=InnoDB
2021-02-13 14:18:30.990  INFO 8276 --- [    Test worker] o.h.t.schema.internal.SchemaCreatorImpl  : HHH000476: Executing import script 'org.hibernate.tool.schema.internal.exec.ScriptSourceInputNonExistentImpl@34469cd8'
2021-02-13 14:18:30.991  INFO 8276 --- [    Test worker] j.LocalContainerEntityManagerFactoryBean : Initialized JPA EntityManagerFactory for persistence unit 'default'
2021-02-13 14:18:32.358  INFO 8276 --- [    Test worker] o.h.h.i.QueryTranslatorFactoryInitiator  : HHH000397: Using ASTQueryTranslatorFactory
2021-02-13 14:18:33.021  INFO 8276 --- [    Test worker] o.s.s.web.DefaultSecurityFilterChain     : Creating filter chain: any request, [org.springframework.security.web.context.request.async.WebAsyncManagerIntegrationFilter@4d4c9d50, org.springframework.security.web.context.SecurityContextPersistenceFilter@6a9f2bfe, org.springframework.security.web.header.HeaderWriterFilter@7b4020a7, org.springframework.security.web.authentication.logout.LogoutFilter@13209770, org.springframework.security.oauth2.client.web.OAuth2AuthorizationRequestRedirectFilter@7bc2d831, org.springframework.security.oauth2.client.web.OAuth2LoginAuthenticationFilter@430033c4, org.springframework.security.web.authentication.ui.DefaultLoginPageGeneratingFilter@f39c4b, org.springframework.security.web.authentication.ui.DefaultLogoutPageGeneratingFilter@21f0f070, org.springframework.security.web.savedrequest.RequestCacheAwareFilter@571782b4, org.springframework.security.web.servletapi.SecurityContextHolderAwareRequestFilter@2da8d5e9, org.springframework.security.web.authentication.AnonymousAuthenticationFilter@4c9eb72f, org.springframework.security.web.session.SessionManagementFilter@1367c23d, org.springframework.security.web.access.ExceptionTranslationFilter@77394198, org.springframework.security.web.access.intercept.FilterSecurityInterceptor@62b1cc2d]
2021-02-13 14:18:34.032  INFO 8276 --- [    Test worker] o.s.s.concurrent.ThreadPoolTaskExecutor  : Initializing ExecutorService 'applicationTaskExecutor'
2021-02-13 14:18:34.126  WARN 8276 --- [    Test worker] aWebConfiguration$JpaWebMvcConfiguration : spring.jpa.open-in-view is enabled by default. Therefore, database queries may be performed during view rendering. Explicitly configure spring.jpa.open-in-view to disable this warning
2021-02-13 14:18:34.356  INFO 8276 --- [    Test worker] o.s.b.a.w.s.WelcomePageHandlerMapping    : Adding welcome page template: index
2021-02-13 14:18:35.526  INFO 8276 --- [    Test worker] s.a.ScheduledAnnotationBeanPostProcessor : No TaskScheduler/ScheduledExecutorService bean found for scheduled processing
2021-02-13 14:18:35.574  INFO 8276 --- [    Test worker] o.s.b.w.embedded.tomcat.TomcatWebServer  : Tomcat started on port(s): 1473 (http) with context path ''
2021-02-13 14:18:35.575  INFO 8276 --- [    Test worker] c.j.b.s.web.IndexControllerTest          : Started IndexControllerTest in 8.5 seconds (JVM running for 37.026)
2021-02-13 14:18:35.852  INFO 8276 --- [o-auto-1-exec-1] o.a.c.c.C.[Tomcat].[localhost].[/]       : Initializing Spring DispatcherServlet 'dispatcherServlet'
2021-02-13 14:18:35.855  INFO 8276 --- [o-auto-1-exec-1] o.s.web.servlet.DispatcherServlet        : Initializing Servlet 'dispatcherServlet'
2021-02-13 14:18:35.989  INFO 8276 --- [o-auto-1-exec-1] o.s.web.servlet.DispatcherServlet        : Completed initialization in 132 ms
Hibernate: select posts0_.id as id1_0_, posts0_.created_date as created_2_0_, posts0_.modified_date as modified3_0_, posts0_.author as author4_0_, posts0_.content as content5_0_, posts0_.title as title6_0_ from posts posts0_ order by posts0_.id DESC
]]></system-out>
  <system-err><![CDATA[]]></system-err>
</testsuite>
