<?xml version="1.0" encoding="UTF-8"?>
<testsuite name="com.jojoldu.book.springboot.web.HelloContollerTest" tests="2" skipped="0" failures="0" errors="0" timestamp="2021-02-13T05:18:26" hostname="DESKTOP-TN8CHJG" time="0.496">
  <properties/>
  <testcase name="hello가_리턴된다" classname="com.jojoldu.book.springboot.web.HelloContollerTest" time="0.2"/>
  <testcase name="helloDto가_리턴된다" classname="com.jojoldu.book.springboot.web.HelloContollerTest" time="0.294"/>
  <system-out><![CDATA[2021-02-13 14:18:23.037  INFO 8276 --- [    Test worker] .b.t.a.w.s.WebMvcTestContextBootstrapper : Neither @ContextConfiguration nor @ContextHierarchy found for test class [com.jojoldu.book.springboot.web.HelloContollerTest], using SpringBootContextLoader
2021-02-13 14:18:23.042  INFO 8276 --- [    Test worker] o.s.t.c.support.AbstractContextLoader    : Could not detect default resource locations for test class [com.jojoldu.book.springboot.web.HelloContollerTest]: no resource found for suffixes {-context.xml, Context.groovy}.
2021-02-13 14:18:23.049  INFO 8276 --- [    Test worker] t.c.s.AnnotationConfigContextLoaderUtils : Could not detect default configuration classes for test class [com.jojoldu.book.springboot.web.HelloContollerTest]: HelloContollerTest does not declare any static, non-private, non-final, nested classes annotated with @Configuration.
2021-02-13 14:18:23.166  INFO 8276 --- [    Test worker] .b.t.c.SpringBootTestContextBootstrapper : Found @SpringBootConfiguration com.jojoldu.book.springboot.Application for test class com.jojoldu.book.springboot.web.HelloContollerTest
2021-02-13 14:18:23.171  INFO 8276 --- [    Test worker] .b.t.a.w.s.WebMvcTestContextBootstrapper : Loaded default TestExecutionListener class names from location [META-INF/spring.factories]: [org.springframework.security.test.context.support.WithSecurityContextTestExecutionListener, org.springframework.security.test.context.support.ReactorContextTestExecutionListener, org.springframework.boot.test.autoconfigure.restdocs.RestDocsTestExecutionListener, org.springframework.boot.test.autoconfigure.web.client.MockRestServiceServerResetTestExecutionListener, org.springframework.boot.test.autoconfigure.web.servlet.MockMvcPrintOnlyOnFailureTestExecutionListener, org.springframework.boot.test.autoconfigure.web.servlet.WebDriverTestExecutionListener, org.springframework.boot.test.mock.mockito.MockitoTestExecutionListener, org.springframework.boot.test.mock.mockito.ResetMocksTestExecutionListener, org.springframework.test.context.web.ServletTestExecutionListener, org.springframework.test.context.support.DirtiesContextBeforeModesTestExecutionListener, org.springframework.test.context.support.DependencyInjectionTestExecutionListener, org.springframework.test.context.support.DirtiesContextTestExecutionListener, org.springframework.test.context.transaction.TransactionalTestExecutionListener, org.springframework.test.context.jdbc.SqlScriptsTestExecutionListener]
2021-02-13 14:18:23.174  INFO 8276 --- [    Test worker] .b.t.a.w.s.WebMvcTestContextBootstrapper : Using TestExecutionListeners: [org.springframework.test.context.web.ServletTestExecutionListener@7b5e29dc, org.springframework.test.context.support.DirtiesContextBeforeModesTestExecutionListener@13298334, org.springframework.boot.test.mock.mockito.MockitoTestExecutionListener@161f251b, org.springframework.boot.test.autoconfigure.SpringBootDependencyInjectionTestExecutionListener@771f3db3, org.springframework.test.context.support.DirtiesContextTestExecutionListener@7d05ea45, org.springframework.test.context.transaction.TransactionalTestExecutionListener@226af6f2, org.springframework.test.context.jdbc.SqlScriptsTestExecutionListener@4d323859, org.springframework.security.test.context.support.WithSecurityContextTestExecutionListener@434e66e9, org.springframework.security.test.context.support.ReactorContextTestExecutionListener@114beb07, org.springframework.boot.test.autoconfigure.restdocs.RestDocsTestExecutionListener@64e342ba, org.springframework.boot.test.autoconfigure.web.client.MockRestServiceServerResetTestExecutionListener@38cf5e8f, org.springframework.boot.test.autoconfigure.web.servlet.MockMvcPrintOnlyOnFailureTestExecutionListener@8060e51, org.springframework.boot.test.autoconfigure.web.servlet.WebDriverTestExecutionListener@46dbdf85, org.springframework.boot.test.mock.mockito.ResetMocksTestExecutionListener@38d3b376]

  .   ____          _            __ _ _
 /\\ / ___'_ __ _ _(_)_ __  __ _ \ \ \ \
( ( )\___ | '_ | '_| | '_ \/ _` | \ \ \ \
 \\/  ___)| |_)| | | | | || (_| |  ) ) ) )
  '  |____| .__|_| |_|_| |_\__, | / / / /
 =========|_|==============|___/=/_/_/_/
 :: Spring Boot ::        (v2.1.7.RELEASE)

2021-02-13 14:18:23.313  INFO 8276 --- [    Test worker] c.j.b.springboot.web.HelloContollerTest  : Starting HelloContollerTest on DESKTOP-TN8CHJG with PID 8276 (started by user in C:\Users\user\Downloads\spring-petclinic-master\freelec-springboot2-webservice)
2021-02-13 14:18:23.317  INFO 8276 --- [    Test worker] c.j.b.springboot.web.HelloContollerTest  : No active profile set, falling back to default profiles: default
2021-02-13 14:18:24.756  INFO 8276 --- [    Test worker] o.s.s.concurrent.ThreadPoolTaskExecutor  : Initializing ExecutorService 'applicationTaskExecutor'
2021-02-13 14:18:24.858  INFO 8276 --- [    Test worker] o.s.b.a.w.s.WelcomePageHandlerMapping    : Adding welcome page template: index
2021-02-13 14:18:25.643  INFO 8276 --- [    Test worker] .s.s.UserDetailsServiceAutoConfiguration : 

Using generated security password: 16002ade-db10-4c81-b46c-ce60b88c85b6

2021-02-13 14:18:26.177  INFO 8276 --- [    Test worker] o.s.s.web.DefaultSecurityFilterChain     : Creating filter chain: any request, [org.springframework.security.web.context.request.async.WebAsyncManagerIntegrationFilter@eb7deb0, org.springframework.security.web.context.SecurityContextPersistenceFilter@6074756c, org.springframework.security.web.header.HeaderWriterFilter@75b5524d, org.springframework.security.web.csrf.CsrfFilter@43161549, org.springframework.security.web.authentication.logout.LogoutFilter@25441c69, org.springframework.security.web.authentication.UsernamePasswordAuthenticationFilter@208c149a, org.springframework.security.web.authentication.ui.DefaultLoginPageGeneratingFilter@79a18d2a, org.springframework.security.web.authentication.ui.DefaultLogoutPageGeneratingFilter@7691fd1c, org.springframework.security.web.authentication.www.BasicAuthenticationFilter@4a56b11f, org.springframework.security.web.savedrequest.RequestCacheAwareFilter@759f5b88, org.springframework.security.web.servletapi.SecurityContextHolderAwareRequestFilter@2ae7584c, org.springframework.security.web.authentication.AnonymousAuthenticationFilter@9306498, org.springframework.security.web.session.SessionManagementFilter@67aadef, org.springframework.security.web.access.ExceptionTranslationFilter@4a1becb6, org.springframework.security.web.access.intercept.FilterSecurityInterceptor@38843e11]
2021-02-13 14:18:26.362  INFO 8276 --- [    Test worker] o.s.b.t.m.w.SpringBootMockServletContext : Initializing Spring TestDispatcherServlet ''
2021-02-13 14:18:26.362  INFO 8276 --- [    Test worker] o.s.t.web.servlet.TestDispatcherServlet  : Initializing Servlet ''
2021-02-13 14:18:26.424  INFO 8276 --- [    Test worker] o.s.t.web.servlet.TestDispatcherServlet  : Completed initialization in 62 ms
2021-02-13 14:18:26.531  INFO 8276 --- [    Test worker] c.j.b.springboot.web.HelloContollerTest  : Started HelloContollerTest in 3.351 seconds (JVM running for 27.982)
]]></system-out>
  <system-err><![CDATA[]]></system-err>
</testsuite>
