<?xml version="1.0" encoding="UTF-8"?>
<testsuite name="com.jojoldu.book.springboot.HelloContollerTest" tests="2" skipped="0" failures="0" errors="0" timestamp="2021-02-02T11:48:01" hostname="DESKTOP-TN8CHJG" time="0.492">
  <properties/>
  <testcase name="hello가_리턴된다" classname="com.jojoldu.book.springboot.HelloContollerTest" time="0.212"/>
  <testcase name="helloDto가_리턴된다" classname="com.jojoldu.book.springboot.HelloContollerTest" time="0.278"/>
  <system-out><![CDATA[2021-02-02 20:47:57.603  INFO 7356 --- [    Test worker] .b.t.a.w.s.WebMvcTestContextBootstrapper : Neither @ContextConfiguration nor @ContextHierarchy found for test class [com.jojoldu.book.springboot.HelloContollerTest], using SpringBootContextLoader
2021-02-02 20:47:57.615  INFO 7356 --- [    Test worker] o.s.t.c.support.AbstractContextLoader    : Could not detect default resource locations for test class [com.jojoldu.book.springboot.HelloContollerTest]: no resource found for suffixes {-context.xml, Context.groovy}.
2021-02-02 20:47:57.619  INFO 7356 --- [    Test worker] t.c.s.AnnotationConfigContextLoaderUtils : Could not detect default configuration classes for test class [com.jojoldu.book.springboot.HelloContollerTest]: HelloContollerTest does not declare any static, non-private, non-final, nested classes annotated with @Configuration.
2021-02-02 20:47:57.727  INFO 7356 --- [    Test worker] .b.t.c.SpringBootTestContextBootstrapper : Found @SpringBootConfiguration com.jojoldu.book.springboot.Application for test class com.jojoldu.book.springboot.HelloContollerTest
2021-02-02 20:47:57.728  INFO 7356 --- [    Test worker] .b.t.a.w.s.WebMvcTestContextBootstrapper : Loaded default TestExecutionListener class names from location [META-INF/spring.factories]: [org.springframework.security.test.context.support.WithSecurityContextTestExecutionListener, org.springframework.security.test.context.support.ReactorContextTestExecutionListener, org.springframework.boot.test.autoconfigure.restdocs.RestDocsTestExecutionListener, org.springframework.boot.test.autoconfigure.web.client.MockRestServiceServerResetTestExecutionListener, org.springframework.boot.test.autoconfigure.web.servlet.MockMvcPrintOnlyOnFailureTestExecutionListener, org.springframework.boot.test.autoconfigure.web.servlet.WebDriverTestExecutionListener, org.springframework.boot.test.mock.mockito.MockitoTestExecutionListener, org.springframework.boot.test.mock.mockito.ResetMocksTestExecutionListener, org.springframework.test.context.web.ServletTestExecutionListener, org.springframework.test.context.support.DirtiesContextBeforeModesTestExecutionListener, org.springframework.test.context.support.DependencyInjectionTestExecutionListener, org.springframework.test.context.support.DirtiesContextTestExecutionListener, org.springframework.test.context.transaction.TransactionalTestExecutionListener, org.springframework.test.context.jdbc.SqlScriptsTestExecutionListener]
2021-02-02 20:47:57.731  INFO 7356 --- [    Test worker] .b.t.a.w.s.WebMvcTestContextBootstrapper : Using TestExecutionListeners: [org.springframework.test.context.web.ServletTestExecutionListener@4cfa9b7c, org.springframework.test.context.support.DirtiesContextBeforeModesTestExecutionListener@715463f7, org.springframework.boot.test.mock.mockito.MockitoTestExecutionListener@36fc2dbe, org.springframework.boot.test.autoconfigure.SpringBootDependencyInjectionTestExecutionListener@62103f13, org.springframework.test.context.support.DirtiesContextTestExecutionListener@7a297956, org.springframework.test.context.transaction.TransactionalTestExecutionListener@28b0f63f, org.springframework.test.context.jdbc.SqlScriptsTestExecutionListener@7f76bf4a, org.springframework.security.test.context.support.WithSecurityContextTestExecutionListener@1cfdff10, org.springframework.security.test.context.support.ReactorContextTestExecutionListener@2dafd610, org.springframework.boot.test.autoconfigure.restdocs.RestDocsTestExecutionListener@201cc94, org.springframework.boot.test.autoconfigure.web.client.MockRestServiceServerResetTestExecutionListener@4847af71, org.springframework.boot.test.autoconfigure.web.servlet.MockMvcPrintOnlyOnFailureTestExecutionListener@3bb1cc16, org.springframework.boot.test.autoconfigure.web.servlet.WebDriverTestExecutionListener@687d8226, org.springframework.boot.test.mock.mockito.ResetMocksTestExecutionListener@641496d1]

  .   ____          _            __ _ _
 /\\ / ___'_ __ _ _(_)_ __  __ _ \ \ \ \
( ( )\___ | '_ | '_| | '_ \/ _` | \ \ \ \
 \\/  ___)| |_)| | | | | || (_| |  ) ) ) )
  '  |____| .__|_| |_|_| |_\__, | / / / /
 =========|_|==============|___/=/_/_/_/
 :: Spring Boot ::        (v2.1.7.RELEASE)

2021-02-02 20:47:57.866  INFO 7356 --- [    Test worker] c.j.book.springboot.HelloContollerTest   : Starting HelloContollerTest on DESKTOP-TN8CHJG with PID 7356 (started by user in C:\Users\user\Downloads\spring-petclinic-master\freelec-springboot2-webservice)
2021-02-02 20:47:57.869  INFO 7356 --- [    Test worker] c.j.book.springboot.HelloContollerTest   : No active profile set, falling back to default profiles: default
2021-02-02 20:47:59.375  INFO 7356 --- [    Test worker] o.s.s.concurrent.ThreadPoolTaskExecutor  : Initializing ExecutorService 'applicationTaskExecutor'
2021-02-02 20:47:59.499  INFO 7356 --- [    Test worker] o.s.b.a.w.s.WelcomePageHandlerMapping    : Adding welcome page template: index
2021-02-02 20:48:00.337  INFO 7356 --- [    Test worker] .s.s.UserDetailsServiceAutoConfiguration : 

Using generated security password: 0d91850a-c6f8-4359-addf-3632d6fb6674

2021-02-02 20:48:00.938  INFO 7356 --- [    Test worker] o.s.s.web.DefaultSecurityFilterChain     : Creating filter chain: any request, [org.springframework.security.web.context.request.async.WebAsyncManagerIntegrationFilter@753f2c9, org.springframework.security.web.context.SecurityContextPersistenceFilter@4f5a49df, org.springframework.security.web.header.HeaderWriterFilter@18bff7e3, org.springframework.security.web.csrf.CsrfFilter@1802116f, org.springframework.security.web.authentication.logout.LogoutFilter@3d382cc4, org.springframework.security.web.authentication.UsernamePasswordAuthenticationFilter@2fb6652e, org.springframework.security.web.authentication.ui.DefaultLoginPageGeneratingFilter@7889feaf, org.springframework.security.web.authentication.ui.DefaultLogoutPageGeneratingFilter@11347b5a, org.springframework.security.web.authentication.www.BasicAuthenticationFilter@2176fd04, org.springframework.security.web.savedrequest.RequestCacheAwareFilter@7f971029, org.springframework.security.web.servletapi.SecurityContextHolderAwareRequestFilter@18f0f0d7, org.springframework.security.web.authentication.AnonymousAuthenticationFilter@73c2aa5, org.springframework.security.web.session.SessionManagementFilter@10be04f2, org.springframework.security.web.access.ExceptionTranslationFilter@31902db0, org.springframework.security.web.access.intercept.FilterSecurityInterceptor@3bdb9a9e]
2021-02-02 20:48:01.102  INFO 7356 --- [    Test worker] o.s.b.t.m.w.SpringBootMockServletContext : Initializing Spring TestDispatcherServlet ''
2021-02-02 20:48:01.102  INFO 7356 --- [    Test worker] o.s.t.web.servlet.TestDispatcherServlet  : Initializing Servlet ''
2021-02-02 20:48:01.144  INFO 7356 --- [    Test worker] o.s.t.web.servlet.TestDispatcherServlet  : Completed initialization in 42 ms
2021-02-02 20:48:01.228  INFO 7356 --- [    Test worker] c.j.book.springboot.HelloContollerTest   : Started HelloContollerTest in 3.493 seconds (JVM running for 27.6)
]]></system-out>
  <system-err><![CDATA[]]></system-err>
</testsuite>
